<?xml version="1.0" encoding="UTF-8"?>
<!-- Generated by org.testng.reporters.JUnitReportReporter -->
<testsuite hostname="DESKTOP-QBFP0JU" name="testf.TESTFramework" tests="1" failures="0" timestamp="3 Jan 2020 08:07:35 GMT" time="22.391" errors="0">
  <testcase name="fb" time="22.391" classname="testf.TESTFramework"/>
</testsuite> <!-- testf.TESTFramework -->
